<?xml version="1.0" encoding="UTF-8"?>
<!-- Generated by org.testng.reporters.JUnitReportReporter -->
<testsuite hostname="LAPTOP-6PU7QPRN" failures="0" tests="1" name="Testcase.LoginTest" time="3.172" errors="0" timestamp="02 Jul 2022 06:55:58 GMT" skipped="0">
  <testcase classname="Testcase.LoginTest" name="douserLogin" time="3.172"/>
</testsuite> <!-- Testcase.LoginTest -->
